0 info it worked if it ends with ok
1 verbose cli [ '/usr/bin/node', '/usr/bin/npm', 'start' ]
2 info using npm@3.6.0
3 info using node@v5.5.0
4 verbose run-script [ 'prestart', 'start', 'poststart' ]
5 info lifecycle EmuPieWebpage@1.0.0~prestart: EmuPieWebpage@1.0.0
6 silly lifecycle EmuPieWebpage@1.0.0~prestart: no script for prestart, continuing
7 info lifecycle EmuPieWebpage@1.0.0~start: EmuPieWebpage@1.0.0
8 verbose lifecycle EmuPieWebpage@1.0.0~start: unsafe-perm in lifecycle true
9 verbose lifecycle EmuPieWebpage@1.0.0~start: PATH: /usr/lib/node_modules/npm/bin/node-gyp-bin:/home/rickard/Dokument/EmuPiePage/node_modules/.bin:/usr/local/sbin:/usr/local/bin:/usr/bin:/usr/lib/jvm/default/bin:/usr/bin/site_perl:/usr/bin/vendor_perl:/usr/bin/core_perl
10 verbose lifecycle EmuPieWebpage@1.0.0~start: CWD: /home/rickard/Dokument/EmuPiePage
11 silly lifecycle EmuPieWebpage@1.0.0~start: Args: [ '-c', 'start http-server -o --cors & start node server.js' ]
12 info lifecycle EmuPieWebpage@1.0.0~start: Failed to exec start script
13 verbose stack Error: EmuPieWebpage@1.0.0 start: `start http-server -o --cors & start node server.js`
13 verbose stack spawn ENOENT
13 verbose stack     at ChildProcess.<anonymous> (/usr/lib/node_modules/npm/lib/utils/spawn.js:17:16)
13 verbose stack     at emitTwo (events.js:100:13)
13 verbose stack     at ChildProcess.emit (events.js:185:7)
13 verbose stack     at maybeClose (internal/child_process.js:821:16)
13 verbose stack     at Process.ChildProcess._handle.onexit (internal/child_process.js:211:5)
14 verbose pkgid EmuPieWebpage@1.0.0
15 verbose cwd /home/rickard/Dokument/EmuPiePage
16 error Linux 4.3.3-3-ARCH
17 error argv "/usr/bin/node" "/usr/bin/npm" "start"
18 error node v5.5.0
19 error npm  v3.6.0
20 error file sh
21 error code ELIFECYCLE
22 error errno ENOENT
23 error syscall spawn
24 error EmuPieWebpage@1.0.0 start: `start http-server -o --cors & start node server.js`
24 error spawn ENOENT
25 error Failed at the EmuPieWebpage@1.0.0 start script 'start http-server -o --cors & start node server.js'.
25 error Make sure you have the latest version of node.js and npm installed.
25 error If you do, this is most likely a problem with the EmuPieWebpage package,
25 error not with npm itself.
25 error Tell the author that this fails on your system:
25 error     start http-server -o --cors & start node server.js
25 error You can get information on how to open an issue for this project with:
25 error     npm bugs EmuPieWebpage
25 error Or if that isn't available, you can get their info via:
25 error     npm owner ls EmuPieWebpage
25 error There is likely additional logging output above.
26 verbose exit [ 1, true ]
